<?xml version="1.0" encoding="UTF-8"?>
<coverage generated="1639457541940" clover="3.2.0">
  <project timestamp="1639457541940" name="All files">
    <metrics statements="16" coveredstatements="16" conditionals="10" coveredconditionals="8" methods="2" coveredmethods="2" elements="28" coveredelements="26" complexity="0" loc="16" ncloc="16" packages="1" files="2" classes="2"/>
    <file name="constants.js" path="/Users/bbgun/rebofriends/src/constants.js">
      <metrics statements="4" coveredstatements="4" conditionals="0" coveredconditionals="0" methods="0" coveredmethods="0"/>
      <line num="1" count="1" type="stmt"/>
      <line num="3" count="1" type="stmt"/>
      <line num="4" count="1" type="stmt"/>
      <line num="5" count="1" type="stmt"/>
    </file>
    <file name="reducers.js" path="/Users/bbgun/rebofriends/src/reducers.js">
      <metrics statements="12" coveredstatements="12" conditionals="10" coveredconditionals="8" methods="2" coveredmethods="2"/>
      <line num="8" count="1" type="stmt"/>
      <line num="12" count="1" type="cond" truecount="1" falsecount="1"/>
      <line num="13" count="2" type="cond" truecount="2" falsecount="0"/>
      <line num="15" count="1" type="stmt"/>
      <line num="17" count="1" type="stmt"/>
      <line num="21" count="1" type="stmt"/>
      <line num="26" count="1" type="cond" truecount="1" falsecount="1"/>
      <line num="27" count="4" type="cond" truecount="4" falsecount="0"/>
      <line num="29" count="1" type="stmt"/>
      <line num="31" count="1" type="stmt"/>
      <line num="33" count="1" type="stmt"/>
      <line num="35" count="1" type="stmt"/>
    </file>
  </project>
</coverage>
