<?xml version="1.0" encoding="UTF-8"?>
<coverage generated="1639456440612" clover="3.2.0">
  <project timestamp="1639456440612" name="All files">
    <metrics statements="20" coveredstatements="12" conditionals="4" coveredconditionals="2" methods="14" coveredmethods="9" elements="38" coveredelements="23" complexity="0" loc="20" ncloc="20" packages="2" files="3" classes="3"/>
    <package name="components">
      <metrics statements="13" coveredstatements="12" conditionals="4" coveredconditionals="2" methods="9" coveredmethods="9"/>
      <file name="CounterButton.js" path="/Users/bbgun/rebofriends/src/components/CounterButton.js">
        <metrics statements="7" coveredstatements="6" conditionals="2" coveredconditionals="1" methods="5" coveredmethods="5"/>
        <line num="5" count="2" type="stmt"/>
        <line num="6" count="2" type="stmt"/>
        <line num="10" count="1" type="cond" truecount="1" falsecount="1"/>
        <line num="11" count="1" type="stmt"/>
        <line num="13" count="0" type="stmt"/>
        <line num="17" count="3" type="stmt"/>
        <line num="21" count="1" type="stmt"/>
      </file>
      <file name="MainPage.js" path="/Users/bbgun/rebofriends/src/components/MainPage.js">
        <metrics statements="6" coveredstatements="6" conditionals="2" coveredconditionals="1" methods="4" coveredmethods="4"/>
        <line num="13" count="5" type="stmt"/>
        <line num="16" count="5" type="stmt"/>
        <line num="17" count="7" type="stmt"/>
        <line num="18" count="4" type="stmt"/>
        <line num="23" count="5" type="stmt"/>
        <line num="25" count="5" type="stmt"/>
      </file>
    </package>
    <package name="containers">
      <metrics statements="7" coveredstatements="0" conditionals="0" coveredconditionals="0" methods="5" coveredmethods="0"/>
      <file name="App.js" path="/Users/bbgun/rebofriends/src/containers/App.js">
        <metrics statements="7" coveredstatements="0" conditionals="0" coveredconditionals="0" methods="5" coveredmethods="0"/>
        <line num="8" count="0" type="stmt"/>
        <line num="9" count="0" type="stmt"/>
        <line num="16" count="0" type="stmt"/>
        <line num="17" count="0" type="stmt"/>
        <line num="18" count="0" type="stmt"/>
        <line num="19" count="0" type="stmt"/>
        <line num="25" count="0" type="stmt"/>
      </file>
    </package>
  </project>
</coverage>
